d:\02. koreapolytechnicuniversity\02.project\코딩테스트\sampleproject\sampleproject\x64\debug\vc142.pdb
d:\02. koreapolytechnicuniversity\02.project\코딩테스트\sampleproject\sampleproject\x64\debug\vc142.idb
d:\02. koreapolytechnicuniversity\02.project\코딩테스트\sampleproject\sampleproject\x64\debug\problem05.obj
d:\02. koreapolytechnicuniversity\02.project\코딩테스트\sampleproject\sampleproject\x64\debug\problem06.obj
d:\02. koreapolytechnicuniversity\02.project\코딩테스트\sampleproject\sampleproject\x64\debug\problem07.obj
d:\02. koreapolytechnicuniversity\02.project\코딩테스트\sampleproject\sampleproject\x64\debug\problem08.obj
d:\02. koreapolytechnicuniversity\02.project\코딩테스트\sampleproject\sampleproject\x64\debug\problem09.obj
d:\02. koreapolytechnicuniversity\02.project\코딩테스트\sampleproject\sampleproject\x64\debug\problem10.obj
d:\02. koreapolytechnicuniversity\02.project\코딩테스트\sampleproject\sampleproject\x64\debug\problem11.obj
d:\02. koreapolytechnicuniversity\02.project\코딩테스트\sampleproject\sampleproject\x64\debug\problem12.obj
d:\02. koreapolytechnicuniversity\02.project\코딩테스트\sampleproject\sampleproject\x64\debug\problem13.obj
d:\02. koreapolytechnicuniversity\02.project\코딩테스트\sampleproject\sampleproject\x64\debug\problem14.obj
d:\02. koreapolytechnicuniversity\02.project\코딩테스트\sampleproject\sampleproject\x64\debug\problem15.obj
d:\02. koreapolytechnicuniversity\02.project\코딩테스트\sampleproject\sampleproject\x64\debug\problem16.obj
d:\02. koreapolytechnicuniversity\02.project\코딩테스트\sampleproject\sampleproject\x64\debug\problem17.obj
d:\02. koreapolytechnicuniversity\02.project\코딩테스트\sampleproject\sampleproject\x64\debug\problem18.obj
d:\02. koreapolytechnicuniversity\02.project\코딩테스트\sampleproject\sampleproject\x64\debug\problem19.obj
d:\02. koreapolytechnicuniversity\02.project\코딩테스트\sampleproject\sampleproject\x64\debug\problem20.obj
d:\02. koreapolytechnicuniversity\02.project\코딩테스트\sampleproject\sampleproject\x64\debug\problem21.obj
d:\02. koreapolytechnicuniversity\02.project\코딩테스트\sampleproject\sampleproject\x64\debug\test.obj
d:\02. koreapolytechnicuniversity\02.project\코딩테스트\sampleproject\sampleproject\x64\debug\00.gcd_lcm.obj
d:\02. koreapolytechnicuniversity\02.project\코딩테스트\sampleproject\sampleproject\x64\debug\problem32.obj
d:\02. koreapolytechnicuniversity\02.project\코딩테스트\sampleproject\sampleproject\x64\debug\problem33.obj
d:\02. koreapolytechnicuniversity\02.project\코딩테스트\sampleproject\sampleproject\x64\debug\problem35.obj
d:\02. koreapolytechnicuniversity\02.project\코딩테스트\sampleproject\sampleproject\x64\debug\problem56.obj
d:\02. koreapolytechnicuniversity\02.project\코딩테스트\sampleproject\sampleproject\x64\debug\problem57.obj
d:\02. koreapolytechnicuniversity\02.project\코딩테스트\sampleproject\sampleproject\x64\debug\problem58.obj
d:\02. koreapolytechnicuniversity\02.project\코딩테스트\sampleproject\sampleproject\x64\debug\problem59.obj
d:\02. koreapolytechnicuniversity\02.project\코딩테스트\sampleproject\sampleproject\x64\debug\problem60.obj
d:\02. koreapolytechnicuniversity\02.project\코딩테스트\sampleproject\sampleproject\x64\debug\problem36.obj
d:\02. koreapolytechnicuniversity\02.project\코딩테스트\sampleproject\sampleproject\x64\debug\problem37.obj
d:\02. koreapolytechnicuniversity\02.project\코딩테스트\sampleproject\sampleproject\x64\debug\problem38.obj
d:\02. koreapolytechnicuniversity\02.project\코딩테스트\sampleproject\sampleproject\x64\debug\problem39.obj
d:\02. koreapolytechnicuniversity\02.project\코딩테스트\sampleproject\sampleproject\x64\debug\problem40.obj
d:\03. github\04.algorithmcodingtest\sampleproject\sampleproject\x64\debug\vc142.pdb
d:\03. github\04.algorithmcodingtest\sampleproject\sampleproject\x64\debug\vc142.idb
d:\03. github\04.algorithmcodingtest\sampleproject\sampleproject\x64\debug\problem41.obj
d:\03. github\04.algorithmcodingtest\sampleproject\sampleproject\x64\debug\problem42.obj
d:\03. github\04.algorithmcodingtest\sampleproject\sampleproject\x64\debug\problem43.obj
d:\03. github\04.algorithmcodingtest\sampleproject\sampleproject\x64\debug\problem44.obj
d:\03. github\04.algorithmcodingtest\sampleproject\sampleproject\x64\debug\problem45.obj
d:\03. github\04.algorithmcodingtest\sampleproject\sampleproject\x64\debug\problem46.obj
d:\03. github\04.algorithmcodingtest\sampleproject\sampleproject\x64\debug\problem48.obj
d:\03. github\04.algorithmcodingtest\sampleproject\sampleproject\x64\debug\problem47.obj
d:\03. github\04.algorithmcodingtest\sampleproject\sampleproject\x64\debug\problem49.obj
d:\03. github\04.algorithmcodingtest\sampleproject\sampleproject\x64\debug\problem50.obj
d:\03. github\04.algorithmcodingtest\sampleproject\sampleproject\x64\debug\problem51.obj
d:\03. github\04.algorithmcodingtest\sampleproject\sampleproject\x64\debug\problem52.obj
d:\03. github\04.algorithmcodingtest\sampleproject\sampleproject\x64\debug\test.obj
d:\03. github\04.algorithmcodingtest\sampleproject\sampleproject\x64\debug\02.move.obj
d:\03. github\04.algorithmcodingtest\sampleproject\sampleproject\x64\debug\problem53.obj
d:\03. github\04.algorithmcodingtest\sampleproject\sampleproject\x64\debug\problem54.obj
d:\03. github\04.algorithmcodingtest\sampleproject\sampleproject\x64\debug\problem55.obj
d:\03. github\04.algorithmcodingtest\sampleproject\sampleproject\x64\debug\03.array.obj
d:\03. github\04.algorithmcodingtest\sampleproject\sampleproject\x64\debug\04.vector.obj
d:\03. github\04.algorithmcodingtest\sampleproject\sampleproject\x64\debug\problem61.obj
d:\03. github\04.algorithmcodingtest\sampleproject\sampleproject\x64\debug\problem62.obj
d:\03. github\04.algorithmcodingtest\sampleproject\sampleproject\x64\debug\problem63.obj
d:\03. github\04.algorithmcodingtest\sampleproject\sampleproject\x64\debug\problem64.obj
d:\03. github\04.algorithmcodingtest\sampleproject\sampleproject\x64\debug\problem65.obj
d:\03. github\04.algorithmcodingtest\sampleproject\sampleproject\x64\debug\problem66.obj
d:\03. github\04.algorithmcodingtest\sampleproject\sampleproject\x64\debug\problem67.obj
d:\03. github\04.algorithmcodingtest\sampleproject\sampleproject\x64\debug\problem68.obj
d:\03. github\04.algorithmcodingtest\sampleproject\sampleproject\x64\debug\problem69.obj
d:\03. github\04.algorithmcodingtest\sampleproject\sampleproject\x64\debug\problem70.obj
d:\03. github\04.algorithmcodingtest\sampleproject\sampleproject\x64\debug\problem71.obj
d:\03. github\04.algorithmcodingtest\sampleproject\sampleproject\x64\debug\problem72.obj
d:\03. github\04.algorithmcodingtest\sampleproject\sampleproject\x64\debug\problem73.obj
d:\03. github\04.algorithmcodingtest\sampleproject\sampleproject\x64\debug\problem74.obj
d:\03. github\04.algorithmcodingtest\sampleproject\sampleproject\x64\debug\problem75.obj
d:\03. github\04.algorithmcodingtest\sampleproject\sampleproject\x64\debug\problem76.obj
d:\03. github\04.algorithmcodingtest\sampleproject\sampleproject\x64\debug\problem77.obj
d:\03. github\04.algorithmcodingtest\sampleproject\sampleproject\x64\debug\problem78.obj
d:\03. github\04.algorithmcodingtest\sampleproject\sampleproject\x64\debug\problem79.obj
d:\02. koreapolytechnicuniversity\02.project\코딩테스트\sampleproject\x64\debug\aa.exe
d:\02. koreapolytechnicuniversity\02.project\코딩테스트\sampleproject\sampleproject\x64\debug\aa.ilk
d:\02. koreapolytechnicuniversity\02.project\코딩테스트\sampleproject\x64\debug\aa.pdb
d:\03. github\04.algorithmcodingtest\sampleproject\sampleproject\x64\debug\00.gcd_lcm.obj
d:\03. github\04.algorithmcodingtest\sampleproject\sampleproject\x64\debug\problem02.obj
d:\03. github\04.algorithmcodingtest\sampleproject\sampleproject\x64\debug\problem03.obj
d:\03. github\04.algorithmcodingtest\sampleproject\sampleproject\x64\debug\problem04.obj
d:\03. github\04.algorithmcodingtest\sampleproject\sampleproject\x64\debug\problem05.obj
d:\03. github\04.algorithmcodingtest\sampleproject\sampleproject\x64\debug\problem06.obj
d:\03. github\04.algorithmcodingtest\sampleproject\sampleproject\x64\debug\problem07.obj
d:\03. github\04.algorithmcodingtest\sampleproject\sampleproject\x64\debug\problem08.obj
d:\03. github\04.algorithmcodingtest\sampleproject\sampleproject\x64\debug\problem09.obj
d:\03. github\04.algorithmcodingtest\sampleproject\sampleproject\x64\debug\problem10.obj
d:\03. github\04.algorithmcodingtest\sampleproject\sampleproject\x64\debug\problem11.obj
d:\03. github\04.algorithmcodingtest\sampleproject\sampleproject\x64\debug\problem12.obj
d:\03. github\04.algorithmcodingtest\sampleproject\sampleproject\x64\debug\problem13.obj
d:\03. github\04.algorithmcodingtest\sampleproject\sampleproject\x64\debug\problem14.obj
d:\03. github\04.algorithmcodingtest\sampleproject\sampleproject\x64\debug\problem15.obj
d:\03. github\04.algorithmcodingtest\sampleproject\sampleproject\x64\debug\problem16.obj
d:\03. github\04.algorithmcodingtest\sampleproject\sampleproject\x64\debug\problem17.obj
d:\03. github\04.algorithmcodingtest\sampleproject\sampleproject\x64\debug\problem18.obj
d:\03. github\04.algorithmcodingtest\sampleproject\sampleproject\x64\debug\problem19.obj
d:\03. github\04.algorithmcodingtest\sampleproject\sampleproject\x64\debug\problem20.obj
d:\03. github\04.algorithmcodingtest\sampleproject\sampleproject\x64\debug\problem21.obj
d:\03. github\04.algorithmcodingtest\sampleproject\sampleproject\x64\debug\problem32.obj
d:\03. github\04.algorithmcodingtest\sampleproject\sampleproject\x64\debug\problem33.obj
d:\03. github\04.algorithmcodingtest\sampleproject\sampleproject\x64\debug\problem35.obj
d:\03. github\04.algorithmcodingtest\sampleproject\sampleproject\x64\debug\problem36.obj
d:\03. github\04.algorithmcodingtest\sampleproject\sampleproject\x64\debug\problem37.obj
d:\03. github\04.algorithmcodingtest\sampleproject\sampleproject\x64\debug\problem38.obj
d:\03. github\04.algorithmcodingtest\sampleproject\sampleproject\x64\debug\problem39.obj
d:\03. github\04.algorithmcodingtest\sampleproject\sampleproject\x64\debug\problem40.obj
d:\03. github\04.algorithmcodingtest\sampleproject\sampleproject\x64\debug\problem56.obj
d:\03. github\04.algorithmcodingtest\sampleproject\sampleproject\x64\debug\problem57.obj
d:\03. github\04.algorithmcodingtest\sampleproject\sampleproject\x64\debug\problem58.obj
d:\03. github\04.algorithmcodingtest\sampleproject\sampleproject\x64\debug\problem59.obj
d:\03. github\04.algorithmcodingtest\sampleproject\sampleproject\x64\debug\problem60.obj
d:\03. github\04.algorithmcodingtest\sampleproject\sampleproject\x64\debug\problem13.obj.enc
d:\03. github\04.algorithmcodingtest\sampleproject\sampleproject\x64\debug\sampleproject.ilk
d:\03. github\04.algorithmcodingtest\sampleproject\x64\debug\aa.pdb
d:\03. github\04.algorithmcodingtest\sampleproject\sampleproject\x64\debug\aa.tlog\cl.command.1.tlog
d:\03. github\04.algorithmcodingtest\sampleproject\sampleproject\x64\debug\aa.tlog\cl.read.1.tlog
d:\03. github\04.algorithmcodingtest\sampleproject\sampleproject\x64\debug\aa.tlog\cl.write.1.tlog
d:\03. github\04.algorithmcodingtest\sampleproject\sampleproject\x64\debug\aa.tlog\link-cvtres.read.1.tlog
d:\03. github\04.algorithmcodingtest\sampleproject\sampleproject\x64\debug\aa.tlog\link-cvtres.write.1.tlog
d:\03. github\04.algorithmcodingtest\sampleproject\sampleproject\x64\debug\aa.tlog\link-rc.read.1.tlog
d:\03. github\04.algorithmcodingtest\sampleproject\sampleproject\x64\debug\aa.tlog\link-rc.write.1.tlog
d:\03. github\04.algorithmcodingtest\sampleproject\sampleproject\x64\debug\aa.tlog\link.30752.read.1.tlog
d:\03. github\04.algorithmcodingtest\sampleproject\sampleproject\x64\debug\aa.tlog\link.30752.write.1.tlog
d:\03. github\04.algorithmcodingtest\sampleproject\sampleproject\x64\debug\aa.tlog\link.command.1.tlog
d:\03. github\04.algorithmcodingtest\sampleproject\sampleproject\x64\debug\aa.tlog\link.read.1.tlog
d:\03. github\04.algorithmcodingtest\sampleproject\sampleproject\x64\debug\aa.tlog\link.write.1.tlog
